Change Component Footprint: Designator=C14 Old Footprint=JP4-C1T New Footprint=Header4
Change Component Footprint: Designator=C21 Old Footprint=JP4-C1T New Footprint=Header4
Change Component Designator: OldDesignator=R? NewDesignator=R8
Change Component Designator: OldDesignator=R? NewDesignator=R12
Change Component Designator: OldDesignator=R? NewDesignator=R22
Change Component Designator: OldDesignator=R? NewDesignator=R23
Change Component Designator: OldDesignator=VR? NewDesignator=VR1
Added Component: Designator=P1(HDR1X16)
Add component. Clean all parameters for all variants
Add component (AddParameter): Name = "LatestRevisionDate"; Value = "17-Jul-2002"; VariantName = "[No Variations]"
Add component (AddParameter): Name = "LatestRevisionNote"; Value = "Re-released for DXP Platform."; VariantName = "[No Variations]"
Add component (AddParameter): Name = "Publisher"; Value = "Altium Limited"; VariantName = "[No Variations]"
Change Net Name : Old Net Name=NetR?_1 New Net Name=NetR22_1
Added Pin To Net: NetName=PA15 Pin=P1-4
Added Pin To Net: NetName=PA15 Pin=STM1-38
Added Net: Name=PA15
Added Pin To Net: NetName=PB2 Pin=P1-11
Added Pin To Net: NetName=PB2 Pin=STM1-20
Added Net: Name=PB2
Added Pin To Net: NetName=PB3 Pin=P1-3
Added Pin To Net: NetName=PB3 Pin=STM1-39
Added Net: Name=PB3
Added Pin To Net: NetName=PB4 Pin=P1-2
Added Pin To Net: NetName=PB4 Pin=STM1-40
Added Net: Name=PB4
Added Pin To Net: NetName=PB5 Pin=P1-1
Added Pin To Net: NetName=PB5 Pin=STM1-41
Added Net: Name=PB5
Added Pin To Net: NetName=PB10 Pin=P1-12
Added Pin To Net: NetName=PB10 Pin=STM1-21
Added Net: Name=PB10
Added Pin To Net: NetName=PB11 Pin=P1-13
Added Pin To Net: NetName=PB11 Pin=STM1-22
Added Net: Name=PB11
Added Pin To Net: NetName=PB12 Pin=P1-7
Added Pin To Net: NetName=PB12 Pin=STM1-25
Added Net: Name=PB12
Added Pin To Net: NetName=PB13 Pin=P1-6
Added Pin To Net: NetName=PB13 Pin=STM1-26
Added Net: Name=PB13
Added Pin To Net: NetName=PB14 Pin=P1-5
Added Pin To Net: NetName=PB14 Pin=STM1-27
Added Net: Name=PB14
Added Pin To Net: NetName=PC13 Pin=P1-8
Added Pin To Net: NetName=PC13 Pin=STM1-2
Added Net: Name=PC13
Added Pin To Net: NetName=PC14 Pin=P1-9
Added Pin To Net: NetName=PC14 Pin=STM1-3
Added Net: Name=PC14
Added Pin To Net: NetName=PC15 Pin=P1-10
Added Pin To Net: NetName=PC15 Pin=STM1-4
Added Net: Name=PC15
Added Member To Class: ClassName=Sheet3 Member=Component P1 Header 16
Added Member To Class: ClassName=Sheet3 Member=Component R12 10k
Added Member To Class: ClassName=Sheet3 Member=Component R22 10k
Added Member To Class: ClassName=Sheet3 Member=Component R23 10k
