Removed Pin From Net: NetName=GND Pin=U1-1
Removed Pin From Net: NetName=NetC2_1 Pin=U1-1
Change Component Description : Designator=C2 Old Description=C?m New Description=C?m
Change Component Description : Designator=C4 Old Description=C?m New Description=C?m
Change Component Description : Designator=HS1 Old Description=C?m New Description=C?m
Change Component Description : Designator=IC2 Old Description=C?m New Description=C?m
Change Component Description : Designator=JDC Old Description=C?m New Description=C?m
Change component parameters: Designator = "IC2"; Footprint = "DIP20/W0.3"; UniqueID = "\RTSGIXFD"
Change component parameters. Clean all parameters for all variants
Change component parameters (AddParameter): Name = "Chung_Loai"; Value = "C?m"; VariantName = "[No Variations]"
Change component parameters (AddParameter): Name = "Don_Vi"; Value = "Con"; VariantName = "[No Variations]"
Change component parameters (AddParameter): Name = "Ghi_Chu"; Value = ""; VariantName = "[No Variations]"
Change component parameters (AddParameter): Name = "Kieu_Chan"; Value = ""; VariantName = "[No Variations]"
Change component parameters (AddParameter): Name = "Ma_Hang"; Value = "MH002626"; VariantName = "[No Variations]"
Change component parameters (AddParameter): Name = "Ten_Linh_Kien"; Value = "ADC0804LCN DIP20"; VariantName = "[No Variations]"
Change component parameters: Designator = "JDC"; Footprint = "DC-IN"; UniqueID = "\PVMMUUHL"
Change component parameters. Clean all parameters for all variants
Change component parameters (AddParameter): Name = "Chung_Loai"; Value = "C?m"; VariantName = "[No Variations]"
Change component parameters (AddParameter): Name = "Don_Vi"; Value = "Con"; VariantName = "[No Variations]"
Change component parameters (AddParameter): Name = "Ghi_Chu"; Value = ""; VariantName = "[No Variations]"
Change component parameters (AddParameter): Name = "Kieu_Chan"; Value = ""; VariantName = "[No Variations]"
Change component parameters (AddParameter): Name = "Ma_Hang"; Value = "MH000923"; VariantName = "[No Variations]"
Change component parameters (AddParameter): Name = "Ten_Linh_Kien"; Value = "Jack DC5.5x2.1MM DC5501"; VariantName = "[No Variations]"
Change component parameters: Designator = "C1"; Footprint = "tu 0805"; UniqueID = "\HQMFPPTT"
Change component parameters. Clean all parameters for all variants
Change component parameters (AddParameter): Name = "Chung_Loai"; Value = "Dán"; VariantName = "[No Variations]"
Change component parameters (AddParameter): Name = "Don_Vi"; Value = "Con"; VariantName = "[No Variations]"
Change component parameters (AddParameter): Name = "Kieu_Chan"; Value = ""; VariantName = "[No Variations]"
Change component parameters (AddParameter): Name = "Ma_Hang"; Value = "MH004560"; VariantName = "[No Variations]"
Change component parameters (AddParameter): Name = "So_Chan"; Value = "2"; VariantName = "[No Variations]"
Change component parameters (AddParameter): Name = "Ten_Linh_Kien"; Value = "T? 0805 22P 10% 50V"; VariantName = "[No Variations]"
Change component parameters: Designator = "C3"; Footprint = "tu 0805"; UniqueID = "\NDSCECAL"
Change component parameters. Clean all parameters for all variants
Change component parameters (AddParameter): Name = "Chung_Loai"; Value = "Dán"; VariantName = "[No Variations]"
Change component parameters (AddParameter): Name = "Don_Vi"; Value = "Con"; VariantName = "[No Variations]"
Change component parameters (AddParameter): Name = "Kieu_Chan"; Value = ""; VariantName = "[No Variations]"
Change component parameters (AddParameter): Name = "Ma_Hang"; Value = "MH004560"; VariantName = "[No Variations]"
Change component parameters (AddParameter): Name = "So_Chan"; Value = "2"; VariantName = "[No Variations]"
Change component parameters (AddParameter): Name = "Ten_Linh_Kien"; Value = "T? 0805 22P 10% 50V"; VariantName = "[No Variations]"
Change component parameters: Designator = "C5"; Footprint = "Tu 0805"; UniqueID = "\KKEFZKQR"
Change component parameters. Clean all parameters for all variants
Change component parameters (AddParameter): Name = "Chung_Loai"; Value = "Dán"; VariantName = "[No Variations]"
Change component parameters (AddParameter): Name = "Don_Vi"; Value = "Con"; VariantName = "[No Variations]"
Change component parameters (AddParameter): Name = "Kieu_Chan"; Value = ""; VariantName = "[No Variations]"
Change component parameters (AddParameter): Name = "Ma_Hang"; Value = "MH008100"; VariantName = "[No Variations]"
Change component parameters (AddParameter): Name = "So_Chan"; Value = "2"; VariantName = "[No Variations]"
Change component parameters (AddParameter): Name = "Ten_Linh_Kien"; Value = "T? 0805 200p 10% 50V"; VariantName = "[No Variations]"
Change component parameters: Designator = "C6"; Footprint = "Tu 0805"; UniqueID = "\WEYGIPSK"
Change component parameters. Clean all parameters for all variants
Change component parameters (AddParameter): Name = "Chung_Loai"; Value = "Dán"; VariantName = "[No Variations]"
Change component parameters (AddParameter): Name = "Don_Vi"; Value = "Con"; VariantName = "[No Variations]"
Change component parameters (AddParameter): Name = "Kieu_Chan"; Value = ""; VariantName = "[No Variations]"
Change component parameters (AddParameter): Name = "Ma_Hang"; Value = "MH008100"; VariantName = "[No Variations]"
Change component parameters (AddParameter): Name = "So_Chan"; Value = "2"; VariantName = "[No Variations]"
Change component parameters (AddParameter): Name = "Ten_Linh_Kien"; Value = "T? 0805 200p 10% 50V"; VariantName = "[No Variations]"
Change component parameters: Designator = "C7"; Footprint = "Tu 0805"; UniqueID = "\ZKKXXDNZ"
Change component parameters. Clean all parameters for all variants
Change component parameters (AddParameter): Name = "Chung_Loai"; Value = "Dán"; VariantName = "[No Variations]"
Change component parameters (AddParameter): Name = "Don_Vi"; Value = "Con"; VariantName = "[No Variations]"
Change component parameters (AddParameter): Name = "Kieu_Chan"; Value = ""; VariantName = "[No Variations]"
Change component parameters (AddParameter): Name = "Ma_Hang"; Value = "MH008100"; VariantName = "[No Variations]"
Change component parameters (AddParameter): Name = "So_Chan"; Value = "2"; VariantName = "[No Variations]"
Change component parameters (AddParameter): Name = "Ten_Linh_Kien"; Value = "T? 0805 200p 10% 50V"; VariantName = "[No Variations]"
Change component parameters: Designator = "C8"; Footprint = "Tu 0805"; UniqueID = "\EHNEMCQV"
Change component parameters. Clean all parameters for all variants
Change component parameters (AddParameter): Name = "Chung_Loai"; Value = "Dán"; VariantName = "[No Variations]"
Change component parameters (AddParameter): Name = "Don_Vi"; Value = "Con"; VariantName = "[No Variations]"
Change component parameters (AddParameter): Name = "Kieu_Chan"; Value = ""; VariantName = "[No Variations]"
Change component parameters (AddParameter): Name = "Ma_Hang"; Value = "MH008100"; VariantName = "[No Variations]"
Change component parameters (AddParameter): Name = "So_Chan"; Value = "2"; VariantName = "[No Variations]"
Change component parameters (AddParameter): Name = "Ten_Linh_Kien"; Value = "T? 0805 200p 10% 50V"; VariantName = "[No Variations]"
Change component parameters: Designator = "C9"; Footprint = "tu 0805"; UniqueID = "\KHOHCGTA"
Change component parameters. Clean all parameters for all variants
Change component parameters (AddParameter): Name = "Chung_Loai"; Value = "Dán"; VariantName = "[No Variations]"
Change component parameters (AddParameter): Name = "Don_Vi"; Value = "Con"; VariantName = "[No Variations]"
Change component parameters (AddParameter): Name = "Kieu_Chan"; Value = ""; VariantName = "[No Variations]"
Change component parameters (AddParameter): Name = "Ma_Hang"; Value = "MH004551"; VariantName = "[No Variations]"
Change component parameters (AddParameter): Name = "So_Chan"; Value = "2"; VariantName = "[No Variations]"
Change component parameters (AddParameter): Name = "Ten_Linh_Kien"; Value = "T? 0805 104-100nF 10% 50V"; VariantName = "[No Variations]"
Change component parameters: Designator = "C10"; Footprint = "tu 0805"; UniqueID = "\MKINMYKI"
Change component parameters. Clean all parameters for all variants
Change component parameters (AddParameter): Name = "Chung_Loai"; Value = "Dán"; VariantName = "[No Variations]"
Change component parameters (AddParameter): Name = "Don_Vi"; Value = "Con"; VariantName = "[No Variations]"
Change component parameters (AddParameter): Name = "Kieu_Chan"; Value = ""; VariantName = "[No Variations]"
Change component parameters (AddParameter): Name = "Ma_Hang"; Value = "MH006116"; VariantName = "[No Variations]"
Change component parameters (AddParameter): Name = "So_Chan"; Value = "2"; VariantName = "[No Variations]"
Change component parameters (AddParameter): Name = "Ten_Linh_Kien"; Value = "T? 0805 474-470nF 50V 10%"; VariantName = "[No Variations]"
Change component parameters: Designator = "C11"; Footprint = "tu 0805"; UniqueID = "\AYRDDBOP"
Change component parameters. Clean all parameters for all variants
Change component parameters (AddParameter): Name = "Chung_Loai"; Value = "Dán"; VariantName = "[No Variations]"
Change component parameters (AddParameter): Name = "Don_Vi"; Value = "Con"; VariantName = "[No Variations]"
Change component parameters (AddParameter): Name = "Kieu_Chan"; Value = ""; VariantName = "[No Variations]"
Change component parameters (AddParameter): Name = "Ma_Hang"; Value = "MH006116"; VariantName = "[No Variations]"
Change component parameters (AddParameter): Name = "So_Chan"; Value = "2"; VariantName = "[No Variations]"
Change component parameters (AddParameter): Name = "Ten_Linh_Kien"; Value = "T? 0805 474-470nF 50V 10%"; VariantName = "[No Variations]"
Change component parameters: Designator = "C18"; Footprint = "tu 0805"; UniqueID = "\EGPNCWCA"
Change component parameters. Clean all parameters for all variants
Change component parameters (AddParameter): Name = "Chung_Loai"; Value = "Dán"; VariantName = "[No Variations]"
Change component parameters (AddParameter): Name = "Don_Vi"; Value = "Con"; VariantName = "[No Variations]"
Change component parameters (AddParameter): Name = "Kieu_Chan"; Value = ""; VariantName = "[No Variations]"
Change component parameters (AddParameter): Name = "Ma_Hang"; Value = "MH008099"; VariantName = "[No Variations]"
Change component parameters (AddParameter): Name = "So_Chan"; Value = "2"; VariantName = "[No Variations]"
Change component parameters (AddParameter): Name = "Ten_Linh_Kien"; Value = "T? 0805 220nF 50V 10%"; VariantName = "[No Variations]"
Change component parameters: Designator = "C19"; Footprint = "tu 0805"; UniqueID = "\ZZXXGRXB"
Change component parameters. Clean all parameters for all variants
Change component parameters (AddParameter): Name = "Chung_Loai"; Value = "Dán"; VariantName = "[No Variations]"
Change component parameters (AddParameter): Name = "Don_Vi"; Value = "Con"; VariantName = "[No Variations]"
Change component parameters (AddParameter): Name = "Kieu_Chan"; Value = ""; VariantName = "[No Variations]"
Change component parameters (AddParameter): Name = "Ma_Hang"; Value = "MH006116"; VariantName = "[No Variations]"
Change component parameters (AddParameter): Name = "So_Chan"; Value = "2"; VariantName = "[No Variations]"
Change component parameters (AddParameter): Name = "Ten_Linh_Kien"; Value = "T? 0805 474-470nF 50V 10%"; VariantName = "[No Variations]"
Change component parameters: Designator = "L1"; Footprint = "Cuon Cam 7.5x7x5"; UniqueID = "\LGWNBKPA"
Change component parameters. Clean all parameters for all variants
Change component parameters (AddParameter): Name = "Chung_Loai"; Value = "Dán"; VariantName = "[No Variations]"
Change component parameters (AddParameter): Name = "Don_Vi"; Value = "Con"; VariantName = "[No Variations]"
Change component parameters (AddParameter): Name = "Ghi_Chu"; Value = ""; VariantName = "[No Variations]"
Change component parameters (AddParameter): Name = "Kieu_Chan"; Value = ""; VariantName = "[No Variations]"
Change component parameters (AddParameter): Name = "Ma_Hang"; Value = "MH004211"; VariantName = "[No Variations]"
Change component parameters (AddParameter): Name = "Ten_Linh_Kien"; Value = "Cu?n C?m 47uH 7x7x4MM CD74R"; VariantName = "[No Variations]"
Change component parameters: Designator = "R1"; Footprint = "Tro SMD 0805"; UniqueID = "\SHHFUFUK"
Change component parameters. Clean all parameters for all variants
Change component parameters (AddParameter): Name = "Chung_Loai"; Value = "Dán"; VariantName = "[No Variations]"
Change component parameters (AddParameter): Name = "Don_Vi"; Value = "Con"; VariantName = "[No Variations]"
Change component parameters (AddParameter): Name = "Kieu_Chan"; Value = ""; VariantName = "[No Variations]"
Change component parameters (AddParameter): Name = "Ma_Hang"; Value = "MH005333"; VariantName = "[No Variations]"
Change component parameters (AddParameter): Name = "So_Chan"; Value = "2"; VariantName = "[No Variations]"
Change component parameters (AddParameter): Name = "Ten_Linh_Kien"; Value = "Tr? 0805 5% 270k"; VariantName = "[No Variations]"
Change component parameters: Designator = "R2"; Footprint = "Tro SMD 0805"; UniqueID = "\OAQOUSJC"
Change component parameters. Clean all parameters for all variants
Change component parameters (AddParameter): Name = "Chung_Loai"; Value = "Dán"; VariantName = "[No Variations]"
Change component parameters (AddParameter): Name = "Don_Vi"; Value = "Con"; VariantName = "[No Variations]"
Change component parameters (AddParameter): Name = "Kieu_Chan"; Value = ""; VariantName = "[No Variations]"
Change component parameters (AddParameter): Name = "Ma_Hang"; Value = "MH005333"; VariantName = "[No Variations]"
Change component parameters (AddParameter): Name = "So_Chan"; Value = "2"; VariantName = "[No Variations]"
Change component parameters (AddParameter): Name = "Ten_Linh_Kien"; Value = "Tr? 0805 5% 270k"; VariantName = "[No Variations]"
Change component parameters: Designator = "R3"; Footprint = "Tro SMD 0805"; UniqueID = "\BAYUGZJI"
Change component parameters. Clean all parameters for all variants
Change component parameters (AddParameter): Name = "Chung_Loai"; Value = "Dán"; VariantName = "[No Variations]"
Change component parameters (AddParameter): Name = "Don_Vi"; Value = "Con"; VariantName = "[No Variations]"
Change component parameters (AddParameter): Name = "Kieu_Chan"; Value = ""; VariantName = "[No Variations]"
Change component parameters (AddParameter): Name = "Ma_Hang"; Value = "MH005333"; VariantName = "[No Variations]"
Change component parameters (AddParameter): Name = "So_Chan"; Value = "2"; VariantName = "[No Variations]"
Change component parameters (AddParameter): Name = "Ten_Linh_Kien"; Value = "Tr? 0805 5% 270k"; VariantName = "[No Variations]"
Change component parameters: Designator = "R4"; Footprint = "tro smd 0805"; UniqueID = "\IFONQWDC"
Change component parameters. Clean all parameters for all variants
Change component parameters (AddParameter): Name = "Chung_Loai"; Value = "Dán"; VariantName = "[No Variations]"
Change component parameters (AddParameter): Name = "Don_Vi"; Value = "Con"; VariantName = "[No Variations]"
Change component parameters (AddParameter): Name = "Kieu_Chan"; Value = ""; VariantName = "[No Variations]"
Change component parameters (AddParameter): Name = "Ma_Hang"; Value = "MH005235"; VariantName = "[No Variations]"
Change component parameters (AddParameter): Name = "So_Chan"; Value = "2"; VariantName = "[No Variations]"
Change component parameters (AddParameter): Name = "Ten_Linh_Kien"; Value = "Tr? 0805 5% 1M"; VariantName = "[No Variations]"
Change component parameters: Designator = "R5"; Footprint = "tro smd 0805"; UniqueID = "\YDDGGGBJ"
Change component parameters. Clean all parameters for all variants
Change component parameters (AddParameter): Name = "Chung_Loai"; Value = "Dán"; VariantName = "[No Variations]"
Change component parameters (AddParameter): Name = "Don_Vi"; Value = "Con"; VariantName = "[No Variations]"
Change component parameters (AddParameter): Name = "Kieu_Chan"; Value = ""; VariantName = "[No Variations]"
Change component parameters (AddParameter): Name = "Ma_Hang"; Value = "MH005476"; VariantName = "[No Variations]"
Change component parameters (AddParameter): Name = "So_Chan"; Value = "2"; VariantName = "[No Variations]"
Change component parameters (AddParameter): Name = "Ten_Linh_Kien"; Value = "Tr? 0805 1% 15k"; VariantName = "[No Variations]"
Change component parameters: Designator = "R6"; Footprint = "tro smd 0805"; UniqueID = "\YHSTOXRD"
Change component parameters. Clean all parameters for all variants
Change component parameters (AddParameter): Name = "Chung_Loai"; Value = "Dán"; VariantName = "[No Variations]"
Change component parameters (AddParameter): Name = "Don_Vi"; Value = "Con"; VariantName = "[No Variations]"
Change component parameters (AddParameter): Name = "Kieu_Chan"; Value = ""; VariantName = "[No Variations]"
Change component parameters (AddParameter): Name = "Ma_Hang"; Value = "MH005476"; VariantName = "[No Variations]"
Change component parameters (AddParameter): Name = "So_Chan"; Value = "2"; VariantName = "[No Variations]"
Change component parameters (AddParameter): Name = "Ten_Linh_Kien"; Value = "Tr? 0805 1% 15k"; VariantName = "[No Variations]"
Change component parameters: Designator = "R7"; Footprint = "tro smd 0805"; UniqueID = "\DRYCUGOA"
Change component parameters. Clean all parameters for all variants
Change component parameters (AddParameter): Name = "Chung_Loai"; Value = "Dán"; VariantName = "[No Variations]"
Change component parameters (AddParameter): Name = "Don_Vi"; Value = "Con"; VariantName = "[No Variations]"
Change component parameters (AddParameter): Name = "Kieu_Chan"; Value = ""; VariantName = "[No Variations]"
Change component parameters (AddParameter): Name = "Ma_Hang"; Value = "MH005476"; VariantName = "[No Variations]"
Change component parameters (AddParameter): Name = "So_Chan"; Value = "2"; VariantName = "[No Variations]"
Change component parameters (AddParameter): Name = "Ten_Linh_Kien"; Value = "Tr? 0805 1% 15k"; VariantName = "[No Variations]"
Change component parameters: Designator = "R8"; Footprint = "tro smd 0805"; UniqueID = "\VVEIOSVF"
Change component parameters. Clean all parameters for all variants
Change component parameters (AddParameter): Name = "Chung_Loai"; Value = "Dán"; VariantName = "[No Variations]"
Change component parameters (AddParameter): Name = "Don_Vi"; Value = "Con"; VariantName = "[No Variations]"
Change component parameters (AddParameter): Name = "Kieu_Chan"; Value = ""; VariantName = "[No Variations]"
Change component parameters (AddParameter): Name = "Ma_Hang"; Value = "MH005239"; VariantName = "[No Variations]"
Change component parameters (AddParameter): Name = "So_Chan"; Value = "2"; VariantName = "[No Variations]"
Change component parameters (AddParameter): Name = "Ten_Linh_Kien"; Value = "Tr? 0805 5% 10k"; VariantName = "[No Variations]"
Change component parameters: Designator = "R9"; Footprint = "tro smd 0805"; UniqueID = "\OPQGBHDX"
Change component parameters. Clean all parameters for all variants
Change component parameters (AddParameter): Name = "Chung_Loai"; Value = "Dán"; VariantName = "[No Variations]"
Change component parameters (AddParameter): Name = "Don_Vi"; Value = "Con"; VariantName = "[No Variations]"
Change component parameters (AddParameter): Name = "Kieu_Chan"; Value = ""; VariantName = "[No Variations]"
Change component parameters (AddParameter): Name = "Ma_Hang"; Value = "MH005468"; VariantName = "[No Variations]"
Change component parameters (AddParameter): Name = "So_Chan"; Value = "2"; VariantName = "[No Variations]"
Change component parameters (AddParameter): Name = "Ten_Linh_Kien"; Value = "Tr? 0805 1% 1k"; VariantName = "[No Variations]"
Change component parameters: Designator = "R10"; Footprint = "tro smd 0805"; UniqueID = "\YEUCQOPR"
Change component parameters. Clean all parameters for all variants
Change component parameters (AddParameter): Name = "Chung_Loai"; Value = "Dán"; VariantName = "[No Variations]"
Change component parameters (AddParameter): Name = "Don_Vi"; Value = "Con"; VariantName = "[No Variations]"
Change component parameters (AddParameter): Name = "Kieu_Chan"; Value = ""; VariantName = "[No Variations]"
Change component parameters (AddParameter): Name = "Ma_Hang"; Value = "MH005468"; VariantName = "[No Variations]"
Change component parameters (AddParameter): Name = "So_Chan"; Value = "2"; VariantName = "[No Variations]"
Change component parameters (AddParameter): Name = "Ten_Linh_Kien"; Value = "Tr? 0805 1% 1k"; VariantName = "[No Variations]"
Change component parameters: Designator = "R11"; Footprint = "tro smd 0805"; UniqueID = "\UMQIHKRU"
Change component parameters. Clean all parameters for all variants
Change component parameters (AddParameter): Name = "Chung_Loai"; Value = "Dán"; VariantName = "[No Variations]"
Change component parameters (AddParameter): Name = "Don_Vi"; Value = "Con"; VariantName = "[No Variations]"
Change component parameters (AddParameter): Name = "Kieu_Chan"; Value = ""; VariantName = "[No Variations]"
Change component parameters (AddParameter): Name = "Ma_Hang"; Value = "MH005468"; VariantName = "[No Variations]"
Change component parameters (AddParameter): Name = "So_Chan"; Value = "2"; VariantName = "[No Variations]"
Change component parameters (AddParameter): Name = "Ten_Linh_Kien"; Value = "Tr? 0805 1% 1k"; VariantName = "[No Variations]"
Change component parameters: Designator = "R12"; Footprint = "tro smd 0805"; UniqueID = "\VTEWYNXP"
Change component parameters. Clean all parameters for all variants
Change component parameters (AddParameter): Name = "Chung_Loai"; Value = "Dán"; VariantName = "[No Variations]"
Change component parameters (AddParameter): Name = "Don_Vi"; Value = "Con"; VariantName = "[No Variations]"
Change component parameters (AddParameter): Name = "Kieu_Chan"; Value = ""; VariantName = "[No Variations]"
Change component parameters (AddParameter): Name = "Ma_Hang"; Value = "MH005239"; VariantName = "[No Variations]"
Change component parameters (AddParameter): Name = "So_Chan"; Value = "2"; VariantName = "[No Variations]"
Change component parameters (AddParameter): Name = "Ten_Linh_Kien"; Value = "Tr? 0805 5% 10k"; VariantName = "[No Variations]"
Change component parameters: Designator = "R13"; Footprint = "tro smd 0805"; UniqueID = "\LAVOFOHD"
Change component parameters. Clean all parameters for all variants
Change component parameters (AddParameter): Name = "Chung_Loai"; Value = "Dán"; VariantName = "[No Variations]"
Change component parameters (AddParameter): Name = "Don_Vi"; Value = "Con"; VariantName = "[No Variations]"
Change component parameters (AddParameter): Name = "Kieu_Chan"; Value = ""; VariantName = "[No Variations]"
Change component parameters (AddParameter): Name = "Ma_Hang"; Value = "MH005473"; VariantName = "[No Variations]"
Change component parameters (AddParameter): Name = "So_Chan"; Value = "2"; VariantName = "[No Variations]"
Change component parameters (AddParameter): Name = "Ten_Linh_Kien"; Value = "Tr? 0805 1% 10k"; VariantName = "[No Variations]"
Change component parameters: Designator = "R14"; Footprint = "tro smd 0805"; UniqueID = "\SSFVWCRS"
Change component parameters. Clean all parameters for all variants
Change component parameters (AddParameter): Name = "Chung_Loai"; Value = "Dán"; VariantName = "[No Variations]"
Change component parameters (AddParameter): Name = "Don_Vi"; Value = "Con"; VariantName = "[No Variations]"
Change component parameters (AddParameter): Name = "Kieu_Chan"; Value = ""; VariantName = "[No Variations]"
Change component parameters (AddParameter): Name = "Ma_Hang"; Value = "MH005473"; VariantName = "[No Variations]"
Change component parameters (AddParameter): Name = "So_Chan"; Value = "2"; VariantName = "[No Variations]"
Change component parameters (AddParameter): Name = "Ten_Linh_Kien"; Value = "Tr? 0805 1% 10k"; VariantName = "[No Variations]"
Change component parameters: Designator = "R15"; Footprint = "Tro SMD 0805"; UniqueID = "\NWXLFRIN"
Change component parameters. Clean all parameters for all variants
Change component parameters (AddParameter): Name = "Chung_Loai"; Value = "Dán"; VariantName = "[No Variations]"
Change component parameters (AddParameter): Name = "Don_Vi"; Value = "Con"; VariantName = "[No Variations]"
Change component parameters (AddParameter): Name = "Kieu_Chan"; Value = ""; VariantName = "[No Variations]"
Change component parameters (AddParameter): Name = "Ma_Hang"; Value = "MH005333"; VariantName = "[No Variations]"
Change component parameters (AddParameter): Name = "So_Chan"; Value = "2"; VariantName = "[No Variations]"
Change component parameters (AddParameter): Name = "Ten_Linh_Kien"; Value = "Tr? 0805 5% 270k"; VariantName = "[No Variations]"
Change component parameters: Designator = "R16"; Footprint = "Tro SMD 0805"; UniqueID = "\HTYMMTMO"
Change component parameters. Clean all parameters for all variants
Change component parameters (AddParameter): Name = "Chung_Loai"; Value = "Dán"; VariantName = "[No Variations]"
Change component parameters (AddParameter): Name = "Don_Vi"; Value = "Con"; VariantName = "[No Variations]"
Change component parameters (AddParameter): Name = "Kieu_Chan"; Value = ""; VariantName = "[No Variations]"
Change component parameters (AddParameter): Name = "Ma_Hang"; Value = "MH005333"; VariantName = "[No Variations]"
Change component parameters (AddParameter): Name = "So_Chan"; Value = "2"; VariantName = "[No Variations]"
Change component parameters (AddParameter): Name = "Ten_Linh_Kien"; Value = "Tr? 0805 5% 270k"; VariantName = "[No Variations]"
Change component parameters: Designator = "R17"; Footprint = "Tro SMD 0805"; UniqueID = "\XLFUAHZR"
Change component parameters. Clean all parameters for all variants
Change component parameters (AddParameter): Name = "Chung_Loai"; Value = "Dán"; VariantName = "[No Variations]"
Change component parameters (AddParameter): Name = "Don_Vi"; Value = "Con"; VariantName = "[No Variations]"
Change component parameters (AddParameter): Name = "Kieu_Chan"; Value = ""; VariantName = "[No Variations]"
Change component parameters (AddParameter): Name = "Ma_Hang"; Value = "MH005333"; VariantName = "[No Variations]"
Change component parameters (AddParameter): Name = "So_Chan"; Value = "2"; VariantName = "[No Variations]"
Change component parameters (AddParameter): Name = "Ten_Linh_Kien"; Value = "Tr? 0805 5% 270k"; VariantName = "[No Variations]"
Change component parameters: Designator = "R18"; Footprint = "tro smd 0805"; UniqueID = "\ZFJUMOBX"
Change component parameters. Clean all parameters for all variants
Change component parameters (AddParameter): Name = "Chung_Loai"; Value = "Dán"; VariantName = "[No Variations]"
Change component parameters (AddParameter): Name = "Don_Vi"; Value = "Con"; VariantName = "[No Variations]"
Change component parameters (AddParameter): Name = "Kieu_Chan"; Value = ""; VariantName = "[No Variations]"
Change component parameters (AddParameter): Name = "Ma_Hang"; Value = "MH005235"; VariantName = "[No Variations]"
Change component parameters (AddParameter): Name = "So_Chan"; Value = "2"; VariantName = "[No Variations]"
Change component parameters (AddParameter): Name = "Ten_Linh_Kien"; Value = "Tr? 0805 5% 1M"; VariantName = "[No Variations]"
Change component parameters: Designator = "R19"; Footprint = "tro smd 0805"; UniqueID = "\ZGBDDIUV"
Change component parameters. Clean all parameters for all variants
Change component parameters (AddParameter): Name = "Chung_Loai"; Value = "Dán"; VariantName = "[No Variations]"
Change component parameters (AddParameter): Name = "Don_Vi"; Value = "Con"; VariantName = "[No Variations]"
Change component parameters (AddParameter): Name = "Kieu_Chan"; Value = ""; VariantName = "[No Variations]"
Change component parameters (AddParameter): Name = "Ma_Hang"; Value = "MH005239"; VariantName = "[No Variations]"
Change component parameters (AddParameter): Name = "So_Chan"; Value = "2"; VariantName = "[No Variations]"
Change component parameters (AddParameter): Name = "Ten_Linh_Kien"; Value = "Tr? 0805 5% 10k"; VariantName = "[No Variations]"
Change component parameters: Designator = "R20"; Footprint = "tro smd 0805"; UniqueID = "\APJXCLRX"
Change component parameters. Clean all parameters for all variants
Change component parameters (AddParameter): Name = "Chung_Loai"; Value = "Dán"; VariantName = "[No Variations]"
Change component parameters (AddParameter): Name = "Don_Vi"; Value = "Con"; VariantName = "[No Variations]"
Change component parameters (AddParameter): Name = "Kieu_Chan"; Value = ""; VariantName = "[No Variations]"
Change component parameters (AddParameter): Name = "Ma_Hang"; Value = "MH005468"; VariantName = "[No Variations]"
Change component parameters (AddParameter): Name = "So_Chan"; Value = "2"; VariantName = "[No Variations]"
Change component parameters (AddParameter): Name = "Ten_Linh_Kien"; Value = "Tr? 0805 1% 1k"; VariantName = "[No Variations]"
Change component parameters: Designator = "R21"; Footprint = "tro smd 0805"; UniqueID = "\UFXXYEJG"
Change component parameters. Clean all parameters for all variants
Change component parameters (AddParameter): Name = "Chung_Loai"; Value = "Dán"; VariantName = "[No Variations]"
Change component parameters (AddParameter): Name = "Don_Vi"; Value = "Con"; VariantName = "[No Variations]"
Change component parameters (AddParameter): Name = "Kieu_Chan"; Value = ""; VariantName = "[No Variations]"
Change component parameters (AddParameter): Name = "Ma_Hang"; Value = "MH005468"; VariantName = "[No Variations]"
Change component parameters (AddParameter): Name = "So_Chan"; Value = "2"; VariantName = "[No Variations]"
Change component parameters (AddParameter): Name = "Ten_Linh_Kien"; Value = "Tr? 0805 1% 1k"; VariantName = "[No Variations]"
Change component parameters: Designator = "R22"; Footprint = "tro smd 0805"; UniqueID = "\CWNATVGA"
Change component parameters. Clean all parameters for all variants
Change component parameters (AddParameter): Name = "Chung_Loai"; Value = "Dán"; VariantName = "[No Variations]"
Change component parameters (AddParameter): Name = "Don_Vi"; Value = "Con"; VariantName = "[No Variations]"
Change component parameters (AddParameter): Name = "Kieu_Chan"; Value = ""; VariantName = "[No Variations]"
Change component parameters (AddParameter): Name = "Ma_Hang"; Value = "MH005239"; VariantName = "[No Variations]"
Change component parameters (AddParameter): Name = "So_Chan"; Value = "2"; VariantName = "[No Variations]"
Change component parameters (AddParameter): Name = "Ten_Linh_Kien"; Value = "Tr? 0805 5% 10k"; VariantName = "[No Variations]"
Change component parameters: Designator = "R23"; Footprint = "tro smd 0805"; UniqueID = "\RWJJMUJY"
Change component parameters. Clean all parameters for all variants
Change component parameters (AddParameter): Name = "Chung_Loai"; Value = "Dán"; VariantName = "[No Variations]"
Change component parameters (AddParameter): Name = "Don_Vi"; Value = "Con"; VariantName = "[No Variations]"
Change component parameters (AddParameter): Name = "Kieu_Chan"; Value = ""; VariantName = "[No Variations]"
Change component parameters (AddParameter): Name = "Ma_Hang"; Value = "MH005239"; VariantName = "[No Variations]"
Change component parameters (AddParameter): Name = "So_Chan"; Value = "2"; VariantName = "[No Variations]"
Change component parameters (AddParameter): Name = "Ten_Linh_Kien"; Value = "Tr? 0805 5% 10k"; VariantName = "[No Variations]"
Change component parameters: Designator = "HS1"; Footprint = "Cam Bien HS1101"; UniqueID = "\BJIYGCDO"
Change component parameters. Clean all parameters for all variants
Change component parameters (AddParameter): Name = "Value"; Value = "C?m Bi?n Ð? ?m HS1101"; VariantName = "[No Variations]"
Change component parameters: Designator = "C2"; Footprint = "tu hoa 13mm"; UniqueID = "\IHSDXWSH"
Change component parameters. Clean all parameters for all variants
Change component parameters (AddParameter): Name = "Chung_Loai"; Value = "C?m"; VariantName = "[No Variations]"
Change component parameters (AddParameter): Name = "Don_Vi"; Value = "Con"; VariantName = "[No Variations]"
Change component parameters (AddParameter): Name = "Kieu_Chan"; Value = ""; VariantName = "[No Variations]"
Change component parameters (AddParameter): Name = "Ma_Hang"; Value = "MH005082"; VariantName = "[No Variations]"
Change component parameters (AddParameter): Name = "So_Chan"; Value = "2"; VariantName = "[No Variations]"
Change component parameters (AddParameter): Name = "Ten_Linh_Kien"; Value = "T? Hóa 680uF 25V"; VariantName = "[No Variations]"
Change component parameters: Designator = "C4"; Footprint = "Tu hoa 5mm"; UniqueID = "\LJRUQEJF"
Change component parameters. Clean all parameters for all variants
Change component parameters (AddParameter): Name = "Chung_Loai"; Value = "C?m"; VariantName = "[No Variations]"
Change component parameters (AddParameter): Name = "Don_Vi"; Value = "Con"; VariantName = "[No Variations]"
Change component parameters (AddParameter): Name = "Kieu_Chan"; Value = ""; VariantName = "[No Variations]"
Change component parameters (AddParameter): Name = "Ma_Hang"; Value = "MH001348"; VariantName = "[No Variations]"
Change component parameters (AddParameter): Name = "So_Chan"; Value = "2"; VariantName = "[No Variations]"
Change component parameters (AddParameter): Name = "Ten_Linh_Kien"; Value = "T? Hóa 220uF 16V 6x11MM"; VariantName = "[No Variations]"
Added Component: Designator=LED1(LED-0805-Red)
Add component. Clean all parameters for all variants
Add component (AddParameter): Name = "Value"; Value = "LED 3 ly Single Colour"; VariantName = "[No Variations]"
Added Component: Designator=LED2(LED-0805-Red)
Add component. Clean all parameters for all variants
Add component (AddParameter): Name = "Value"; Value = "LED 3 ly Single Colour"; VariantName = "[No Variations]"
Added Component: Designator=R24(RES-SMD-0805)
Add component. Clean all parameters for all variants
Add component (AddParameter): Name = "Class"; Value = "Passive"; VariantName = "[No Variations]"
Add component (AddParameter): Name = "Manufacturer"; Value = "Generic Components"; VariantName = "[No Variations]"
Add component (AddParameter): Name = "Published"; Value = "08/06/2000"; VariantName = "[No Variations]"
Add component (AddParameter): Name = "Publisher"; Value = "Altium Hobart Technology Centre"; VariantName = "[No Variations]"
Added Component: Designator=R25(RES-SMD-0805)
Add component. Clean all parameters for all variants
Add component (AddParameter): Name = "Class"; Value = "Passive"; VariantName = "[No Variations]"
Add component (AddParameter): Name = "Manufacturer"; Value = "Generic Components"; VariantName = "[No Variations]"
Add component (AddParameter): Name = "Published"; Value = "08/06/2000"; VariantName = "[No Variations]"
Add component (AddParameter): Name = "Publisher"; Value = "Altium Hobart Technology Centre"; VariantName = "[No Variations]"
Added Pin To Net: NetName=GND Pin=LED1-2
Added Pin To Net: NetName=GND Pin=LED2-2
Added Pin To Net: NetName=+5V Pin=R24-1
Added Pin To Net: NetName=+3V3 Pin=R25-1
Added Pin To Net: NetName=NetLED1_1 Pin=LED1-1
Added Pin To Net: NetName=NetLED1_1 Pin=R24-2
Added Net: Name=NetLED1_1
Added Pin To Net: NetName=NetLED2_1 Pin=LED2-1
Added Pin To Net: NetName=NetLED2_1 Pin=R25-2
Added Net: Name=NetLED2_1
Added Member To Class: ClassName=Sheet3 Member=Component LED1 LED
Added Member To Class: ClassName=Sheet3 Member=Component LED2 LED
Added Member To Class: ClassName=Sheet3 Member=Component R18 39k
Added Member To Class: ClassName=Sheet3 Member=Component R20 10k
Added Member To Class: ClassName=Sheet3 Member=Component R24 1k
Added Member To Class: ClassName=Sheet3 Member=Component R25 1k
Added Member To Class: ClassName=Sheet3 Member=Component STM1 STM32F103C8T6
Added Room: Name=Sheet3
