Removed Pin From Net: NetName=NetD?_2 Pin=D?-2
Removed Pin From Net: NetName=NetD?_2 Pin=L?-1
Removed Pin From Net: NetName=NetLS?_N Pin=LS?-N
Removed Pin From Net: NetName=NetQ?_1 Pin=R?-1
Removed Pin From Net: NetName=NetQ?_2 Pin=R?-2
Removed Pin From Net: NetName=NetQ?_2 Pin=R?-2
Removed Pin From Net: NetName=NetD?_2 Pin=U?-2
Removed Pin From Net: NetName=NetD?_2 Pin=U?-2
Removed Pin From Net: NetName=GND Pin=U?-3
Change Component Designator: OldDesignator=A? NewDesignator=A1
Change Component Designator: OldDesignator=C? NewDesignator=C1
Change Component Designator: OldDesignator=C? NewDesignator=C2
Change Component Designator: OldDesignator=C? NewDesignator=C3
Change Component Designator: OldDesignator=C? NewDesignator=C4
Change Component Designator: OldDesignator=C? NewDesignator=C5
Change Component Designator: OldDesignator=C? NewDesignator=C6
Change Component Designator: OldDesignator=C? NewDesignator=C7
Change Component Designator: OldDesignator=C? NewDesignator=C8
Change Component Designator: OldDesignator=C? NewDesignator=C9
Change Component Designator: OldDesignator=C? NewDesignator=C10
Change Component Designator: OldDesignator=C? NewDesignator=C11
Change Component Designator: OldDesignator=C? NewDesignator=C12
Change Component Designator: OldDesignator=C? NewDesignator=C13
Change Component Designator: OldDesignator=C? NewDesignator=C14
Change Component Designator: OldDesignator=C? NewDesignator=C15
Change Component Designator: OldDesignator=C? NewDesignator=C16
Change Component Designator: OldDesignator=C? NewDesignator=C17
Change Component Designator: OldDesignator=C? NewDesignator=C18
Change Component Designator: OldDesignator=COM? NewDesignator=COM1
Change Component Designator: OldDesignator=D? NewDesignator=D1
Change Component Designator: OldDesignator=DIO? NewDesignator=DIO1
Change Component Designator: OldDesignator=HS? NewDesignator=HS1
Change Component Designator: OldDesignator=IC? NewDesignator=IC1
Change Component Designator: OldDesignator=IC? NewDesignator=IC2
Change Component Designator: OldDesignator=JP? NewDesignator=JP1
Change Component Designator: OldDesignator=L? NewDesignator=L1
Change Component Designator: OldDesignator=LS? NewDesignator=LS1
Change Component Designator: OldDesignator=LS? NewDesignator=LS2
Change Component Designator: OldDesignator=R? NewDesignator=R1
Change Component Designator: OldDesignator=R? NewDesignator=R2
Change Component Designator: OldDesignator=R? NewDesignator=R3
Change Component Designator: OldDesignator=R? NewDesignator=R4
Change Component Designator: OldDesignator=R? NewDesignator=R5
Change Component Designator: OldDesignator=R? NewDesignator=R6
Change Component Designator: OldDesignator=R? NewDesignator=R7
Change Component Designator: OldDesignator=R? NewDesignator=R8
Change Component Designator: OldDesignator=R? NewDesignator=R9
Change Component Designator: OldDesignator=R? NewDesignator=R10
Change Component Designator: OldDesignator=R? NewDesignator=R11
Change Component Designator: OldDesignator=R? NewDesignator=R12
Change Component Designator: OldDesignator=R? NewDesignator=R13
Change Component Designator: OldDesignator=R? NewDesignator=R14
Change Component Designator: OldDesignator=R? NewDesignator=R15
Change Component Designator: OldDesignator=R? NewDesignator=R16
Change Component Designator: OldDesignator=R? NewDesignator=R17
Change Component Designator: OldDesignator=R? NewDesignator=R18
Change Component Designator: OldDesignator=R? NewDesignator=R19
Change Component Designator: OldDesignator=STM32? NewDesignator=STM1
Change Component Designator: OldDesignator=U? NewDesignator=U2
Change Component Designator: OldDesignator=U? NewDesignator=U3
Change Component Designator: OldDesignator=U? NewDesignator=U4
Change Component Designator: OldDesignator=Y? NewDesignator=Y1
Added Component: Designator=U1(TO263-5)
Add component. Clean all parameters for all variants
Add component (AddParameter): Name = "Category"; Value = "IC-Power"; VariantName = "[No Variations]"
Add component (AddParameter): Name = "Max Input Voltage"; Value = "12 V"; VariantName = "[No Variations]"
Add component (AddParameter): Name = "Max Output Current"; Value = "3 (6.0 peak) A"; VariantName = "[No Variations]"
Add component (AddParameter): Name = "Max Output Voltage"; Value = "mV"; VariantName = "[No Variations]"
Add component (AddParameter): Name = "Min Input Voltage"; Value = "mV"; VariantName = "[No Variations]"
Add component (AddParameter): Name = "Min Output Voltage"; Value = "mV"; VariantName = "[No Variations]"
Add component (AddParameter): Name = "Mounting Technology"; Value = "Surface Mount"; VariantName = "[No Variations]"
Add component (AddParameter): Name = "PowerICTypes"; Value = ""; VariantName = "[No Variations]"
Add component (AddParameter): Name = "Status"; Value = "Unreleased"; VariantName = "[No Variations]"
Add component (AddParameter): Name = "Supply Voltage"; Value = "mV"; VariantName = "[No Variations]"
Add component (AddParameter): Name = "Temperature Range"; Value = "-40 to +125 degC"; VariantName = "[No Variations]"
Added Pin To Net: NetName=NetD?_2 Pin=C2-1
Added Pin To Net: NetName=NetLS?_N Pin=C12-1
Added Pin To Net: NetName=NetQ?_1 Pin=C13-1
Added Pin To Net: NetName=NetQ?_2 Pin=C13-2
Added Pin To Net: NetName=NetD?_2 Pin=DIO1-2
Added Pin To Net: NetName=NetLS?_N Pin=IC1-1
Added Pin To Net: NetName=NetQ?_1 Pin=IC1-4
Added Pin To Net: NetName=NetQ?_2 Pin=IC1-5
Added Pin To Net: NetName=NetD?_2 Pin=U1-1
Added Pin To Net: NetName=NetD?_2 Pin=U1-1
Added Pin To Net: NetName=GND Pin=U1-3
Added Pin To Net: NetName=+5V Pin=U1-4
Added Pin To Net: NetName=GND Pin=U1-5
Added Pin To Net: NetName=3V3 Pin=U2-2
Added Pin To Net: NetName=3V3 Pin=U2-2
Added Pin To Net: NetName=+5V Pin=U2-3
Change Net Name : Old Net Name=NetA?_2 New Net Name=NetA1_2
Change Net Name : Old Net Name=NetA?_3 New Net Name=NetA1_3
Change Net Name : Old Net Name=NetC?_1 New Net Name=NetC18_1
Change Net Name : Old Net Name=NetC?_2 New Net Name=NetC12_2
Change Net Name : Old Net Name=NetCOM?_2 New Net Name=NetCOM1_2
Change Net Name : Old Net Name=NetCOM?_3 New Net Name=NetCOM1_3
Change Net Name : Old Net Name=NetD?_2 New Net Name=NetC2_1
Change Net Name : Old Net Name=NetDIO?_1 New Net Name=NetDIO1_1
Change Net Name : Old Net Name=NetHS?_2 New Net Name=NetHS1_2
Change Net Name : Old Net Name=NetIC?_4 New Net Name=NetIC2_4
Change Net Name : Old Net Name=NetLS?_N New Net Name=NetC12_1
Change Net Name : Old Net Name=NetQ?_1 New Net Name=NetC13_1
Change Net Name : Old Net Name=NetQ?_2 New Net Name=NetC13_2
Change Net Name : Old Net Name=NetR?_1 New Net Name=NetR17_1
Change Net Name : Old Net Name=NetR?_2 New Net Name=NetR15_2
Added Pin To Net: NetName=NetC15_2 Pin=C15-2
Added Pin To Net: NetName=NetC15_2 Pin=IC1-6
Added Net: Name=NetC15_2
Added Pin To Net: NetName=NetC16_1 Pin=C16-1
Added Pin To Net: NetName=NetC16_1 Pin=IC1-2
Added Net: Name=NetC16_1
Added Pin To Net: NetName=NetD1_2 Pin=D1-2
Added Pin To Net: NetName=NetD1_2 Pin=L1-1
Added Pin To Net: NetName=NetD1_2 Pin=U1-2
Added Net: Name=NetD1_2
Added Pin To Net: NetName=NetLS1_N Pin=LS1-N
Added Net: Name=NetLS1_N
Added Pin To Net: NetName=NetLS2_N Pin=LS2-N
Added Net: Name=NetLS2_N
Added Pin To Net: NetName=NetQ1_1 Pin=R13-1
Added Net: Name=NetQ1_1
Added Pin To Net: NetName=NetQ1_2 Pin=R9-2
Added Pin To Net: NetName=NetQ1_2 Pin=R13-2
Added Net: Name=NetQ1_2
Added Pin To Net: NetName=NetQ2_1 Pin=R14-1
Added Net: Name=NetQ2_1
Added Pin To Net: NetName=NetQ2_2 Pin=R10-2
Added Pin To Net: NetName=NetQ2_2 Pin=R14-2
Added Net: Name=NetQ2_2
Added Pin To Net: NetName=NetR1_1 Pin=R1-1
Added Pin To Net: NetName=NetR1_1 Pin=R2-2
Added Net: Name=NetR1_1
Added Pin To Net: NetName=NetR1_2 Pin=R1-2
Added Pin To Net: NetName=NetR1_2 Pin=R7-2
Added Pin To Net: NetName=NetR1_2 Pin=U4-7
Added Net: Name=NetR1_2
Added Pin To Net: NetName=NetR2_1 Pin=R2-1
Added Pin To Net: NetName=NetR2_1 Pin=R3-2
Added Net: Name=NetR2_1
Added Pin To Net: NetName=NetR3_1 Pin=R3-1
Added Pin To Net: NetName=NetR3_1 Pin=R4-2
Added Net: Name=NetR3_1
Added Pin To Net: NetName=NetR5_2 Pin=R5-2
Added Pin To Net: NetName=NetR5_2 Pin=R6-1
Added Net: Name=NetR5_2
Added Pin To Net: NetName=NetR6_2 Pin=R6-2
Added Pin To Net: NetName=NetR6_2 Pin=R7-1
Added Net: Name=NetR6_2
Added Pin To Net: NetName=NetR11_1 Pin=R11-1
Added Pin To Net: NetName=NetR11_1 Pin=U4-3
Added Net: Name=NetR11_1
Added Pin To Net: NetName=NetR15_1 Pin=R15-1
Added Pin To Net: NetName=NetR15_1 Pin=R16-2
Added Net: Name=NetR15_1
Added Pin To Net: NetName=NetR16_1 Pin=R16-1
Added Pin To Net: NetName=NetR16_1 Pin=R17-2
Added Net: Name=NetR16_1
Added Member To Class: ClassName=Sheet3 Member=Component C2 680uF
Added Member To Class: ClassName=Sheet3 Member=Component C3 22pF
Added Member To Class: ClassName=Sheet3 Member=Component C4 220uF
Added Member To Class: ClassName=Sheet3 Member=Component C5 100pF
Added Member To Class: ClassName=Sheet3 Member=Component C6 100pF
Added Member To Class: ClassName=Sheet3 Member=Component C7 100pF
Added Member To Class: ClassName=Sheet3 Member=Component C8 100pF
Added Member To Class: ClassName=Sheet3 Member=Component C9 104
Added Member To Class: ClassName=Sheet3 Member=Component C10 1uF
Added Member To Class: ClassName=Sheet3 Member=Component C11 10nF
Added Member To Class: ClassName=Sheet3 Member=Component C12 10uF/50V
Added Member To Class: ClassName=Sheet3 Member=Component C13 10uF/50V
Added Member To Class: ClassName=Sheet3 Member=Component C14 JP4
Added Member To Class: ClassName=Sheet3 Member=Component C15 10uF/50V
Added Member To Class: ClassName=Sheet3 Member=Component C16 10uF/50V
Added Member To Class: ClassName=Sheet3 Member=Component C17 10uF/50V
Added Member To Class: ClassName=Sheet3 Member=Component C18 150pF
Added Member To Class: ClassName=Sheet3 Member=Component IC2 ADC0804LCN
Added Member To Class: ClassName=Sheet3 Member=Component LS2 BUZZER_T
Added Member To Class: ClassName=Sheet3 Member=Component R1 9.1k
Added Member To Class: ClassName=Sheet3 Member=Component R2 6.8k
Added Member To Class: ClassName=Sheet3 Member=Component R3 10k
Added Member To Class: ClassName=Sheet3 Member=Component R4 24k
Added Member To Class: ClassName=Sheet3 Member=Component R5 270k
Added Member To Class: ClassName=Sheet3 Member=Component R6 270k
Added Member To Class: ClassName=Sheet3 Member=Component R7 36k
Added Member To Class: ClassName=Sheet3 Member=Component R9 1k
Added Member To Class: ClassName=Sheet3 Member=Component R10 1k
Added Member To Class: ClassName=Sheet3 Member=Component R11 1k
Added Member To Class: ClassName=Sheet3 Member=Component R12 330
Added Member To Class: ClassName=Sheet3 Member=Component R13 10k
Added Member To Class: ClassName=Sheet3 Member=Component R14 10k
Added Member To Class: ClassName=Sheet3 Member=Component R15 360k
Added Member To Class: ClassName=Sheet3 Member=Component R16 360k
Added Member To Class: ClassName=Sheet3 Member=Component R17 150k
Added Member To Class: ClassName=Sheet3 Member=Component R18 39k
Added Member To Class: ClassName=Sheet3 Member=Component R19 10k
Added Member To Class: ClassName=Sheet3 Member=Component U1 LM2596
Added Member To Class: ClassName=Sheet3 Member=Component U2 LM1117-ADJ
Added Member To Class: ClassName=Sheet3 Member=Component U3 LM35
